#
# There is insufficient memory for the Java Runtime Environment to continue.
# Native memory allocation (malloc) failed to allocate 1216704 bytes. Error detail: Chunk::new
# Possible reasons:
#   The system is out of physical RAM or swap space
#   This process is running with CompressedOops enabled, and the Java Heap may be blocking the growth of the native heap
# Possible solutions:
#   Reduce memory load on the system
#   Increase physical memory or swap space
#   Check if swap backing store is full
#   Decrease Java heap size (-Xmx/-Xms)
#   Decrease number of Java threads
#   Decrease Java thread stack sizes (-Xss)
#   Set larger code cache with -XX:ReservedCodeCacheSize=
#   JVM is running with Unscaled Compressed Oops mode in which the Java heap is
#     placed in the first 4GB address space. The Java Heap base address is the
#     maximum limit for the native heap growth. Please use -XX:HeapBaseMinAddress
#     to set the Java Heap base and to place the Java Heap above 4GB virtual address.
# This output file may be truncated or incomplete.
#
#  Out of Memory Error (arena.cpp:191), pid=6392, tid=23472
#
# JRE version: OpenJDK Runtime Environment Temurin-17.0.12+7 (17.0.12+7) (build 17.0.12+7)
# Java VM: OpenJDK 64-Bit Server VM Temurin-17.0.12+7 (17.0.12+7, mixed mode, tiered, compressed oops, compressed class ptrs, parallel gc, windows-amd64)
# No core dump will be written. Minidumps are not enabled by default on client versions of Windows
#

---------------  S U M M A R Y ------------

Command Line: --add-modules=ALL-SYSTEM --add-opens=java.base/java.util=ALL-UNNAMED --add-opens=java.base/java.lang=ALL-UNNAMED --add-opens=java.base/sun.nio.fs=ALL-UNNAMED -Declipse.application=org.eclipse.jdt.ls.core.id1 -Dosgi.bundles.defaultStartLevel=4 -Declipse.product=org.eclipse.jdt.ls.core.product -Djava.import.generatesMetadataFilesAtProjectRoot=false -DDetectVMInstallationsJob.disabled=true -Dfile.encoding=utf8 -XX:+UseParallelGC -XX:GCTimeRatio=4 -XX:AdaptiveSizePolicyWeight=90 -Dsun.zip.disableMemoryMapping=true -Xmx1G -Xms100m -Xlog:disable -javaagent:c:\Users\trung\.cursor\extensions\redhat.java-1.35.1-win32-x64\lombok\lombok-1.18.33.jar c:\Users\trung\.cursor\extensions\redhat.java-1.35.1-win32-x64\server\plugins\org.eclipse.equinox.launcher_1.6.900.v20240613-2009.jar -configuration c:\Users\trung\AppData\Roaming\Cursor\User\globalStorage\redhat.java\1.35.1\config_ss_win -data c:\Users\trung\AppData\Roaming\Cursor\User\workspaceStorage\8fb023ffee51e0e218496ecb37e7eaeb\redhat.java\ss_ws --pipe=\\.\pipe\lsp-d6404eab89f828f7ba766e96720af9f3-sock

Host: Intel(R) Core(TM) i7-8550U CPU @ 1.80GHz, 8 cores, 15G,  Windows 11 , 64 bit Build 22621 (10.0.22621.3958)
Time: Mon Oct 14 16:47:42 2024 SE Asia Standard Time elapsed time: 15.524631 seconds (0d 0h 0m 15s)

---------------  T H R E A D  ---------------

Current thread (0x0000027edc4a27d0):  JavaThread "C2 CompilerThread0" daemon [_thread_in_native, id=23472, stack(0x000000c66b200000,0x000000c66b300000)]


Current CompileTask:
C2:  15524 2960       4       jdk.internal.org.objectweb.asm.Frame::execute (2318 bytes)

Stack: [0x000000c66b200000,0x000000c66b300000]
Native frames: (J=compiled Java code, j=interpreted, Vv=VM code, C=native code)
V  [jvm.dll+0x67f929]
V  [jvm.dll+0x8371ba]
V  [jvm.dll+0x838c7e]
V  [jvm.dll+0x8392e3]
V  [jvm.dll+0x24834f]
V  [jvm.dll+0xac9d4]
V  [jvm.dll+0xad01c]
V  [jvm.dll+0x3674a7]
V  [jvm.dll+0x33197a]
V  [jvm.dll+0x330e1a]
V  [jvm.dll+0x21a8b1]
V  [jvm.dll+0x219cf1]
V  [jvm.dll+0x1a58bd]
V  [jvm.dll+0x229a2d]
V  [jvm.dll+0x227bdc]
V  [jvm.dll+0x7ec1f7]
V  [jvm.dll+0x7e65dc]
V  [jvm.dll+0x67e7f7]
C  [ucrtbase.dll+0x29333]
C  [KERNEL32.DLL+0x1257d]
C  [ntdll.dll+0x5af08]


---------------  P R O C E S S  ---------------

Threads class SMR info:
_java_thread_list=0x0000027edf16ffa0, length=34, elements={
0x0000027ec137f110, 0x0000027ec142c060, 0x0000027ec142e8f0, 0x0000027edc49fdb0,
0x0000027edc4a0780, 0x0000027edc4a1250, 0x0000027edc4a1b20, 0x0000027edc4a27d0,
0x0000027edc5307a0, 0x0000027edc533470, 0x0000027ec13dea40, 0x0000027edd4ccbf0,
0x0000027edd8b1dc0, 0x0000027edd7a3410, 0x0000027edd970590, 0x0000027eddd74b50,
0x0000027edc7565e0, 0x0000027edd61c050, 0x0000027edd61f2f0, 0x0000027edd61d9a0,
0x0000027edd61d490, 0x0000027ede81a960, 0x0000027edd61e3c0, 0x0000027edd61c560,
0x0000027edd61e8d0, 0x0000027edd61ca70, 0x0000027edd61cf80, 0x0000027edd61deb0,
0x0000027edd61f800, 0x0000027ede04cc60, 0x0000027ede0499c0, 0x0000027ede04eac0,
0x0000027ede04f4e0, 0x0000027ede049ed0
}

Java Threads: ( => current thread )
  0x0000027ec137f110 JavaThread "main" [_thread_in_native, id=11596, stack(0x000000c66a900000,0x000000c66aa00000)]
  0x0000027ec142c060 JavaThread "Reference Handler" daemon [_thread_blocked, id=25144, stack(0x000000c66ac00000,0x000000c66ad00000)]
  0x0000027ec142e8f0 JavaThread "Finalizer" daemon [_thread_blocked, id=20232, stack(0x000000c66ad00000,0x000000c66ae00000)]
  0x0000027edc49fdb0 JavaThread "Signal Dispatcher" daemon [_thread_blocked, id=24652, stack(0x000000c66ae00000,0x000000c66af00000)]
  0x0000027edc4a0780 JavaThread "Attach Listener" daemon [_thread_blocked, id=1716, stack(0x000000c66af00000,0x000000c66b000000)]
  0x0000027edc4a1250 JavaThread "Service Thread" daemon [_thread_blocked, id=6132, stack(0x000000c66b000000,0x000000c66b100000)]
  0x0000027edc4a1b20 JavaThread "Monitor Deflation Thread" daemon [_thread_blocked, id=22984, stack(0x000000c66b100000,0x000000c66b200000)]
=>0x0000027edc4a27d0 JavaThread "C2 CompilerThread0" daemon [_thread_in_native, id=23472, stack(0x000000c66b200000,0x000000c66b300000)]
  0x0000027edc5307a0 JavaThread "C1 CompilerThread0" daemon [_thread_blocked, id=14752, stack(0x000000c66b300000,0x000000c66b400000)]
  0x0000027edc533470 JavaThread "Sweeper thread" daemon [_thread_blocked, id=21172, stack(0x000000c66b400000,0x000000c66b500000)]
  0x0000027ec13dea40 JavaThread "Common-Cleaner" daemon [_thread_blocked, id=15488, stack(0x000000c66b500000,0x000000c66b600000)]
  0x0000027edd4ccbf0 JavaThread "Notification Thread" daemon [_thread_blocked, id=20208, stack(0x000000c66b700000,0x000000c66b800000)]
  0x0000027edd8b1dc0 JavaThread "Active Thread: Equinox Container: 2768058f-b36b-4415-9987-da09f3df5efa" [_thread_blocked, id=11080, stack(0x000000c66bf00000,0x000000c66c000000)]
  0x0000027edd7a3410 JavaThread "Framework Event Dispatcher: Equinox Container: 2768058f-b36b-4415-9987-da09f3df5efa" daemon [_thread_blocked, id=8908, stack(0x000000c66b600000,0x000000c66b700000)]
  0x0000027edd970590 JavaThread "Start Level: Equinox Container: 2768058f-b36b-4415-9987-da09f3df5efa" daemon [_thread_blocked, id=4392, stack(0x000000c66c000000,0x000000c66c100000)]
  0x0000027eddd74b50 JavaThread "SCR Component Actor" daemon [_thread_blocked, id=3432, stack(0x000000c66c100000,0x000000c66c200000)]
  0x0000027edc7565e0 JavaThread "SCR Component Registry" daemon [_thread_blocked, id=25856, stack(0x000000c66c200000,0x000000c66c300000)]
  0x0000027edd61c050 JavaThread "Worker-JM" [_thread_blocked, id=27372, stack(0x000000c66c500000,0x000000c66c600000)]
  0x0000027edd61f2f0 JavaThread "JNA Cleaner" daemon [_thread_blocked, id=13884, stack(0x000000c66c400000,0x000000c66c500000)]
  0x0000027edd61d9a0 JavaThread "Worker-0" [_thread_blocked, id=8536, stack(0x000000c66c600000,0x000000c66c700000)]
  0x0000027edd61d490 JavaThread "Worker-1" [_thread_blocked, id=27012, stack(0x000000c66c700000,0x000000c66c800000)]
  0x0000027ede81a960 JavaThread "C2 CompilerThread1" daemon [_thread_blocked, id=8492, stack(0x000000c66c800000,0x000000c66c900000)]
  0x0000027edd61e3c0 JavaThread "Thread-2" daemon [_thread_in_native, id=20600, stack(0x000000c66c900000,0x000000c66ca00000)]
  0x0000027edd61c560 JavaThread "Thread-3" daemon [_thread_in_native, id=19224, stack(0x000000c66ca00000,0x000000c66cb00000)]
  0x0000027edd61e8d0 JavaThread "Thread-4" daemon [_thread_in_native, id=11928, stack(0x000000c66cb00000,0x000000c66cc00000)]
  0x0000027edd61ca70 JavaThread "Thread-5" daemon [_thread_in_native, id=26952, stack(0x000000c66cc00000,0x000000c66cd00000)]
  0x0000027edd61cf80 JavaThread "Thread-6" daemon [_thread_in_native, id=8868, stack(0x000000c66cd00000,0x000000c66ce00000)]
  0x0000027edd61deb0 JavaThread "Thread-7" daemon [_thread_in_native, id=15432, stack(0x000000c66ce00000,0x000000c66cf00000)]
  0x0000027edd61f800 JavaThread "Thread-8" daemon [_thread_in_native, id=10160, stack(0x000000c66cf00000,0x000000c66d000000)]
  0x0000027ede04cc60 JavaThread "Thread-9" daemon [_thread_in_native, id=11932, stack(0x000000c66d000000,0x000000c66d100000)]
  0x0000027ede0499c0 JavaThread "Thread-10" daemon [_thread_in_native, id=7812, stack(0x000000c66d100000,0x000000c66d200000)]
  0x0000027ede04eac0 JavaThread "pool-2-thread-1" [_thread_blocked, id=8496, stack(0x000000c66d200000,0x000000c66d300000)]
  0x0000027ede04f4e0 JavaThread "WorkspaceEventsHandler" [_thread_blocked, id=19388, stack(0x000000c66d300000,0x000000c66d400000)]
  0x0000027ede049ed0 JavaThread "pool-1-thread-1" [_thread_blocked, id=24152, stack(0x000000c66d400000,0x000000c66d500000)]

Other Threads:
  0x0000027edc460c20 VMThread "VM Thread" [stack: 0x000000c66ab00000,0x000000c66ac00000] [id=24620]
  0x0000027edd498890 WatcherThread [stack: 0x000000c66b800000,0x000000c66b900000] [id=7552]
  0x0000027ec13913c0 GCTaskThread "GC Thread#0" [stack: 0x000000c66aa00000,0x000000c66ab00000] [id=20992]
  0x0000027edd987190 GCTaskThread "GC Thread#1" [stack: 0x000000c66b900000,0x000000c66ba00000] [id=20220]
  0x0000027edd503bf0 GCTaskThread "GC Thread#2" [stack: 0x000000c66ba00000,0x000000c66bb00000] [id=17472]
  0x0000027edddb4220 GCTaskThread "GC Thread#3" [stack: 0x000000c66bb00000,0x000000c66bc00000] [id=20452]
  0x0000027eddbee240 GCTaskThread "GC Thread#4" [stack: 0x000000c66bc00000,0x000000c66bd00000] [id=22636]
  0x0000027eddbee910 GCTaskThread "GC Thread#5" [stack: 0x000000c66bd00000,0x000000c66be00000] [id=3644]
  0x0000027eddbeebd0 GCTaskThread "GC Thread#6" [stack: 0x000000c66be00000,0x000000c66bf00000] [id=26608]
  0x0000027edd91ba50 GCTaskThread "GC Thread#7" [stack: 0x000000c66c300000,0x000000c66c400000] [id=20064]

Threads with active compile tasks:
C2 CompilerThread0    15578 2960       4       jdk.internal.org.objectweb.asm.Frame::execute (2318 bytes)

VM state: not at safepoint (normal execution)

VM Mutex/Monitor currently owned by a thread: None

Heap address: 0x00000000c0000000, size: 1024 MB, Compressed Oops mode: 32-bit

CDS archive(s) not mapped
Compressed class space mapped at: 0x0000000100000000-0x0000000140000000, reserved size: 1073741824
Narrow klass base: 0x0000000000000000, Narrow klass shift: 3, Narrow klass range: 0x140000000

GC Precious Log:
 CPUs: 8 total, 8 available
 Memory: 16248M
 Large Page Support: Disabled
 NUMA Support: Disabled
 Compressed Oops: Enabled (32-bit)
 Alignments: Space 512K, Generation 512K, Heap 2M
 Heap Min Capacity: 100M
 Heap Initial Capacity: 100M
 Heap Max Capacity: 1G
 Pre-touch: Disabled
 Parallel Workers: 8

Heap:
 PSYoungGen      total 28160K, used 5128K [0x00000000eab00000, 0x00000000eca80000, 0x0000000100000000)
  eden space 24064K, 4% used [0x00000000eab00000,0x00000000eac07f30,0x00000000ec280000)
  from space 4096K, 99% used [0x00000000ec680000,0x00000000eca7a0f8,0x00000000eca80000)
  to   space 3584K, 0% used [0x00000000ec300000,0x00000000ec300000,0x00000000ec680000)
 ParOldGen       total 68608K, used 11462K [0x00000000c0000000, 0x00000000c4300000, 0x00000000eab00000)
  object space 68608K, 16% used [0x00000000c0000000,0x00000000c0b31aa0,0x00000000c4300000)
 Metaspace       used 34335K, committed 34880K, reserved 1114112K
  class space    used 3422K, committed 3648K, reserved 1048576K

Card table byte_map: [0x0000027ed49d0000,0x0000027ed4be0000] _byte_map_base: 0x0000027ed43d0000

Marking Bits: (ParMarkBitMap*) 0x00007ffdda6358b0
 Begin Bits: [0x0000027ed4d40000, 0x0000027ed5d40000)
 End Bits:   [0x0000027ed5d40000, 0x0000027ed6d40000)

Polling page: 0x0000027ec1430000

Metaspace:

Usage:
  Non-class:     30.19 MB used.
      Class:      3.34 MB used.
       Both:     33.53 MB used.

Virtual space:
  Non-class space:       64.00 MB reserved,      30.50 MB ( 48%) committed,  1 nodes.
      Class space:        1.00 GB reserved,       3.56 MB ( <1%) committed,  1 nodes.
             Both:        1.06 GB reserved,      34.06 MB (  3%) committed. 

Chunk freelists:
   Non-Class:  1.17 MB
       Class:  12.28 MB
        Both:  13.46 MB

MaxMetaspaceSize: unlimited
CompressedClassSpaceSize: 1.00 GB
Initial GC threshold: 21.00 MB
Current GC threshold: 35.00 MB
CDS: off
MetaspaceReclaimPolicy: balanced
 - commit_granule_bytes: 65536.
 - commit_granule_words: 8192.
 - virtual_space_node_default_size: 8388608.
 - enlarge_chunks_in_place: 1.
 - new_chunks_are_fully_committed: 0.
 - uncommit_free_chunks: 1.
 - use_allocation_guard: 0.
 - handle_deallocations: 1.


Internal statistics:

num_allocs_failed_limit: 3.
num_arena_births: 340.
num_arena_deaths: 14.
num_vsnodes_births: 2.
num_vsnodes_deaths: 0.
num_space_committed: 545.
num_space_uncommitted: 0.
num_chunks_returned_to_freelist: 17.
num_chunks_taken_from_freelist: 1333.
num_chunk_merges: 8.
num_chunk_splits: 874.
num_chunks_enlarged: 599.
num_inconsistent_stats: 0.

CodeHeap 'non-profiled nmethods': size=120000Kb used=1427Kb max_used=1427Kb free=118572Kb
 bounds [0x0000027ecd2b0000, 0x0000027ecd520000, 0x0000027ed47e0000]
CodeHeap 'profiled nmethods': size=120000Kb used=5958Kb max_used=5958Kb free=114042Kb
 bounds [0x0000027ec57e0000, 0x0000027ec5dc0000, 0x0000027eccd10000]
CodeHeap 'non-nmethods': size=5760Kb used=1264Kb max_used=1289Kb free=4495Kb
 bounds [0x0000027eccd10000, 0x0000027eccf80000, 0x0000027ecd2b0000]
 total_blobs=3652 nmethods=3061 adapters=505
 compilation: enabled
              stopped_count=0, restarted_count=0
 full_count=0

Compilation events (20 events):
Event: 15.454 Thread 0x0000027edc5307a0 nmethod 3021 0x0000027ecd411510 code [0x0000027ecd4116a0, 0x0000027ecd411778]
Event: 15.454 Thread 0x0000027edc5307a0 3014       1       java.lang.reflect.Method::getAnnotationBytes (5 bytes)
Event: 15.455 Thread 0x0000027edc5307a0 nmethod 3014 0x0000027ecd411810 code [0x0000027ecd4119a0, 0x0000027ecd411a78]
Event: 15.455 Thread 0x0000027edc5307a0 3018       1       sun.reflect.generics.repository.AbstractRepository::getTree (5 bytes)
Event: 15.455 Thread 0x0000027edc5307a0 nmethod 3018 0x0000027ecd411b10 code [0x0000027ecd411ca0, 0x0000027ecd411d78]
Event: 15.461 Thread 0x0000027edc5307a0 3023       3       java.lang.reflect.Method::getRoot (5 bytes)
Event: 15.461 Thread 0x0000027edc5307a0 nmethod 3023 0x0000027ec5d90e90 code [0x0000027ec5d91020, 0x0000027ec5d91138]
Event: 15.461 Thread 0x0000027edc5307a0 3024       3       java.lang.reflect.Method::isSynthetic (5 bytes)
Event: 15.461 Thread 0x0000027edc5307a0 nmethod 3024 0x0000027ec5d91210 code [0x0000027ec5d913c0, 0x0000027ec5d915f8]
Event: 15.461 Thread 0x0000027edc5307a0 3025       3       java.lang.reflect.Executable::isSynthetic (8 bytes)
Event: 15.461 Thread 0x0000027edc5307a0 nmethod 3025 0x0000027ec5d91710 code [0x0000027ec5d918c0, 0x0000027ec5d91b48]
Event: 15.463 Thread 0x0000027edc5307a0 3026       3       java.lang.reflect.Method::getParameterCount (6 bytes)
Event: 15.463 Thread 0x0000027edc5307a0 nmethod 3026 0x0000027ec5d91c10 code [0x0000027ec5d91da0, 0x0000027ec5d91eb8]
Event: 15.463 Thread 0x0000027edc5307a0 3027       3       java.lang.Class::privateGetDeclaredMethods (64 bytes)
Event: 15.464 Thread 0x0000027edc5307a0 nmethod 3027 0x0000027ec5d91f90 code [0x0000027ec5d921a0, 0x0000027ec5d928d8]
Event: 15.465 Thread 0x0000027ede81a960 nmethod 3022 0x0000027ecd411e10 code [0x0000027ecd411fc0, 0x0000027ecd412778]
Event: 15.472 Thread 0x0000027ede81a960 3028       4       java.lang.ref.Cleaner$1::apply (9 bytes)
Event: 15.473 Thread 0x0000027ede81a960 nmethod 3028 0x0000027ecd412c10 code [0x0000027ecd412d80, 0x0000027ecd412e38]
Event: 15.506 Thread 0x0000027edc5307a0 3029       3       java.util.Collections$SingletonSet::iterator (8 bytes)
Event: 15.506 Thread 0x0000027edc5307a0 nmethod 3029 0x0000027ec5d92b10 code [0x0000027ec5d92cc0, 0x0000027ec5d92f58]

GC Heap History (16 events):
Event: 2.291 GC heap before
{Heap before GC invocations=1 (full 0):
 PSYoungGen      total 29696K, used 25600K [0x00000000eab00000, 0x00000000ecc00000, 0x0000000100000000)
  eden space 25600K, 100% used [0x00000000eab00000,0x00000000ec400000,0x00000000ec400000)
  from space 4096K, 0% used [0x00000000ec800000,0x00000000ec800000,0x00000000ecc00000)
  to   space 4096K, 0% used [0x00000000ec400000,0x00000000ec400000,0x00000000ec800000)
 ParOldGen       total 68608K, used 0K [0x00000000c0000000, 0x00000000c4300000, 0x00000000eab00000)
  object space 68608K, 0% used [0x00000000c0000000,0x00000000c0000000,0x00000000c4300000)
 Metaspace       used 10931K, committed 11072K, reserved 1114112K
  class space    used 1085K, committed 1152K, reserved 1048576K
}
Event: 2.302 GC heap after
{Heap after GC invocations=1 (full 0):
 PSYoungGen      total 29696K, used 3324K [0x00000000eab00000, 0x00000000ecc00000, 0x0000000100000000)
  eden space 25600K, 0% used [0x00000000eab00000,0x00000000eab00000,0x00000000ec400000)
  from space 4096K, 81% used [0x00000000ec400000,0x00000000ec73f350,0x00000000ec800000)
  to   space 4096K, 0% used [0x00000000ec800000,0x00000000ec800000,0x00000000ecc00000)
 ParOldGen       total 68608K, used 8K [0x00000000c0000000, 0x00000000c4300000, 0x00000000eab00000)
  object space 68608K, 0% used [0x00000000c0000000,0x00000000c0002000,0x00000000c4300000)
 Metaspace       used 10931K, committed 11072K, reserved 1114112K
  class space    used 1085K, committed 1152K, reserved 1048576K
}
Event: 10.971 GC heap before
{Heap before GC invocations=2 (full 0):
 PSYoungGen      total 29696K, used 28924K [0x00000000eab00000, 0x00000000ecc00000, 0x0000000100000000)
  eden space 25600K, 100% used [0x00000000eab00000,0x00000000ec400000,0x00000000ec400000)
  from space 4096K, 81% used [0x00000000ec400000,0x00000000ec73f350,0x00000000ec800000)
  to   space 4096K, 0% used [0x00000000ec800000,0x00000000ec800000,0x00000000ecc00000)
 ParOldGen       total 68608K, used 8K [0x00000000c0000000, 0x00000000c4300000, 0x00000000eab00000)
  object space 68608K, 0% used [0x00000000c0000000,0x00000000c0002000,0x00000000c4300000)
 Metaspace       used 14595K, committed 14784K, reserved 1114112K
  class space    used 1478K, committed 1536K, reserved 1048576K
}
Event: 10.977 GC heap after
{Heap after GC invocations=2 (full 0):
 PSYoungGen      total 29696K, used 4092K [0x00000000eab00000, 0x00000000ecc00000, 0x0000000100000000)
  eden space 25600K, 0% used [0x00000000eab00000,0x00000000eab00000,0x00000000ec400000)
  from space 4096K, 99% used [0x00000000ec800000,0x00000000ecbff000,0x00000000ecc00000)
  to   space 4096K, 0% used [0x00000000ec400000,0x00000000ec400000,0x00000000ec800000)
 ParOldGen       total 68608K, used 940K [0x00000000c0000000, 0x00000000c4300000, 0x00000000eab00000)
  object space 68608K, 1% used [0x00000000c0000000,0x00000000c00eb360,0x00000000c4300000)
 Metaspace       used 14595K, committed 14784K, reserved 1114112K
  class space    used 1478K, committed 1536K, reserved 1048576K
}
Event: 11.965 GC heap before
{Heap before GC invocations=3 (full 0):
 PSYoungGen      total 29696K, used 29692K [0x00000000eab00000, 0x00000000ecc00000, 0x0000000100000000)
  eden space 25600K, 100% used [0x00000000eab00000,0x00000000ec400000,0x00000000ec400000)
  from space 4096K, 99% used [0x00000000ec800000,0x00000000ecbff000,0x00000000ecc00000)
  to   space 4096K, 0% used [0x00000000ec400000,0x00000000ec400000,0x00000000ec800000)
 ParOldGen       total 68608K, used 940K [0x00000000c0000000, 0x00000000c4300000, 0x00000000eab00000)
  object space 68608K, 1% used [0x00000000c0000000,0x00000000c00eb360,0x00000000c4300000)
 Metaspace       used 19499K, committed 19776K, reserved 1114112K
  class space    used 1994K, committed 2112K, reserved 1048576K
}
Event: 11.969 GC heap after
{Heap after GC invocations=3 (full 0):
 PSYoungGen      total 29696K, used 4093K [0x00000000eab00000, 0x00000000ecc00000, 0x0000000100000000)
  eden space 25600K, 0% used [0x00000000eab00000,0x00000000eab00000,0x00000000ec400000)
  from space 4096K, 99% used [0x00000000ec400000,0x00000000ec7ff650,0x00000000ec800000)
  to   space 4096K, 0% used [0x00000000ec800000,0x00000000ec800000,0x00000000ecc00000)
 ParOldGen       total 68608K, used 2635K [0x00000000c0000000, 0x00000000c4300000, 0x00000000eab00000)
  object space 68608K, 3% used [0x00000000c0000000,0x00000000c0292eb0,0x00000000c4300000)
 Metaspace       used 19499K, committed 19776K, reserved 1114112K
  class space    used 1994K, committed 2112K, reserved 1048576K
}
Event: 12.401 GC heap before
{Heap before GC invocations=4 (full 0):
 PSYoungGen      total 29696K, used 19629K [0x00000000eab00000, 0x00000000ecc00000, 0x0000000100000000)
  eden space 25600K, 60% used [0x00000000eab00000,0x00000000eba2bf48,0x00000000ec400000)
  from space 4096K, 99% used [0x00000000ec400000,0x00000000ec7ff650,0x00000000ec800000)
  to   space 4096K, 0% used [0x00000000ec800000,0x00000000ec800000,0x00000000ecc00000)
 ParOldGen       total 68608K, used 2635K [0x00000000c0000000, 0x00000000c4300000, 0x00000000eab00000)
  object space 68608K, 3% used [0x00000000c0000000,0x00000000c0292eb0,0x00000000c4300000)
 Metaspace       used 21149K, committed 21504K, reserved 1114112K
  class space    used 2158K, committed 2304K, reserved 1048576K
}
Event: 12.407 GC heap after
{Heap after GC invocations=4 (full 0):
 PSYoungGen      total 29696K, used 4072K [0x00000000eab00000, 0x00000000ecc00000, 0x0000000100000000)
  eden space 25600K, 0% used [0x00000000eab00000,0x00000000eab00000,0x00000000ec400000)
  from space 4096K, 99% used [0x00000000ec800000,0x00000000ecbfa100,0x00000000ecc00000)
  to   space 4096K, 0% used [0x00000000ec400000,0x00000000ec400000,0x00000000ec800000)
 ParOldGen       total 68608K, used 6255K [0x00000000c0000000, 0x00000000c4300000, 0x00000000eab00000)
  object space 68608K, 9% used [0x00000000c0000000,0x00000000c061be10,0x00000000c4300000)
 Metaspace       used 21149K, committed 21504K, reserved 1114112K
  class space    used 2158K, committed 2304K, reserved 1048576K
}
Event: 12.407 GC heap before
{Heap before GC invocations=5 (full 1):
 PSYoungGen      total 29696K, used 4072K [0x00000000eab00000, 0x00000000ecc00000, 0x0000000100000000)
  eden space 25600K, 0% used [0x00000000eab00000,0x00000000eab00000,0x00000000ec400000)
  from space 4096K, 99% used [0x00000000ec800000,0x00000000ecbfa100,0x00000000ecc00000)
  to   space 4096K, 0% used [0x00000000ec400000,0x00000000ec400000,0x00000000ec800000)
 ParOldGen       total 68608K, used 6255K [0x00000000c0000000, 0x00000000c4300000, 0x00000000eab00000)
  object space 68608K, 9% used [0x00000000c0000000,0x00000000c061be10,0x00000000c4300000)
 Metaspace       used 21149K, committed 21504K, reserved 1114112K
  class space    used 2158K, committed 2304K, reserved 1048576K
}
Event: 12.445 GC heap after
{Heap after GC invocations=5 (full 1):
 PSYoungGen      total 29696K, used 0K [0x00000000eab00000, 0x00000000ecc00000, 0x0000000100000000)
  eden space 25600K, 0% used [0x00000000eab00000,0x00000000eab00000,0x00000000ec400000)
  from space 4096K, 0% used [0x00000000ec800000,0x00000000ec800000,0x00000000ecc00000)
  to   space 4096K, 0% used [0x00000000ec400000,0x00000000ec400000,0x00000000ec800000)
 ParOldGen       total 68608K, used 10183K [0x00000000c0000000, 0x00000000c4300000, 0x00000000eab00000)
  object space 68608K, 14% used [0x00000000c0000000,0x00000000c09f1e38,0x00000000c4300000)
 Metaspace       used 21136K, committed 21504K, reserved 1114112K
  class space    used 2155K, committed 2304K, reserved 1048576K
}
Event: 13.080 GC heap before
{Heap before GC invocations=6 (full 1):
 PSYoungGen      total 29696K, used 25600K [0x00000000eab00000, 0x00000000ecc00000, 0x0000000100000000)
  eden space 25600K, 100% used [0x00000000eab00000,0x00000000ec400000,0x00000000ec400000)
  from space 4096K, 0% used [0x00000000ec800000,0x00000000ec800000,0x00000000ecc00000)
  to   space 4096K, 0% used [0x00000000ec400000,0x00000000ec400000,0x00000000ec800000)
 ParOldGen       total 68608K, used 10183K [0x00000000c0000000, 0x00000000c4300000, 0x00000000eab00000)
  object space 68608K, 14% used [0x00000000c0000000,0x00000000c09f1e38,0x00000000c4300000)
 Metaspace       used 23895K, committed 24384K, reserved 1114112K
  class space    used 2427K, committed 2624K, reserved 1048576K
}
Event: 13.082 GC heap after
{Heap after GC invocations=6 (full 1):
 PSYoungGen      total 26112K, used 869K [0x00000000eab00000, 0x00000000eca80000, 0x0000000100000000)
  eden space 25088K, 0% used [0x00000000eab00000,0x00000000eab00000,0x00000000ec380000)
  from space 1024K, 84% used [0x00000000ec400000,0x00000000ec4d96e8,0x00000000ec500000)
  to   space 3584K, 0% used [0x00000000ec700000,0x00000000ec700000,0x00000000eca80000)
 ParOldGen       total 68608K, used 10191K [0x00000000c0000000, 0x00000000c4300000, 0x00000000eab00000)
  object space 68608K, 14% used [0x00000000c0000000,0x00000000c09f3e38,0x00000000c4300000)
 Metaspace       used 23895K, committed 24384K, reserved 1114112K
  class space    used 2427K, committed 2624K, reserved 1048576K
}
Event: 13.640 GC heap before
{Heap before GC invocations=7 (full 1):
 PSYoungGen      total 26112K, used 25957K [0x00000000eab00000, 0x00000000eca80000, 0x0000000100000000)
  eden space 25088K, 100% used [0x00000000eab00000,0x00000000ec380000,0x00000000ec380000)
  from space 1024K, 84% used [0x00000000ec400000,0x00000000ec4d96e8,0x00000000ec500000)
  to   space 3584K, 0% used [0x00000000ec700000,0x00000000ec700000,0x00000000eca80000)
 ParOldGen       total 68608K, used 10191K [0x00000000c0000000, 0x00000000c4300000, 0x00000000eab00000)
  object space 68608K, 14% used [0x00000000c0000000,0x00000000c09f3e38,0x00000000c4300000)
 Metaspace       used 27874K, committed 28352K, reserved 1114112K
  class space    used 2708K, committed 2944K, reserved 1048576K
}
Event: 13.642 GC heap after
{Heap after GC invocations=7 (full 1):
 PSYoungGen      total 27648K, used 2702K [0x00000000eab00000, 0x00000000eca00000, 0x0000000100000000)
  eden space 24576K, 0% used [0x00000000eab00000,0x00000000eab00000,0x00000000ec300000)
  from space 3072K, 87% used [0x00000000ec700000,0x00000000ec9a3998,0x00000000eca00000)
  to   space 3584K, 0% used [0x00000000ec300000,0x00000000ec300000,0x00000000ec680000)
 ParOldGen       total 68608K, used 10199K [0x00000000c0000000, 0x00000000c4300000, 0x00000000eab00000)
  object space 68608K, 14% used [0x00000000c0000000,0x00000000c09f5e38,0x00000000c4300000)
 Metaspace       used 27874K, committed 28352K, reserved 1114112K
  class space    used 2708K, committed 2944K, reserved 1048576K
}
Event: 14.907 GC heap before
{Heap before GC invocations=8 (full 1):
 PSYoungGen      total 27648K, used 27278K [0x00000000eab00000, 0x00000000eca00000, 0x0000000100000000)
  eden space 24576K, 100% used [0x00000000eab00000,0x00000000ec300000,0x00000000ec300000)
  from space 3072K, 87% used [0x00000000ec700000,0x00000000ec9a3998,0x00000000eca00000)
  to   space 3584K, 0% used [0x00000000ec300000,0x00000000ec300000,0x00000000ec680000)
 ParOldGen       total 68608K, used 10199K [0x00000000c0000000, 0x00000000c4300000, 0x00000000eab00000)
  object space 68608K, 14% used [0x00000000c0000000,0x00000000c09f5e38,0x00000000c4300000)
 Metaspace       used 30442K, committed 30912K, reserved 1114112K
  class space    used 2942K, committed 3136K, reserved 1048576K
}
Event: 14.911 GC heap after
{Heap after GC invocations=8 (full 1):
 PSYoungGen      total 27648K, used 3580K [0x00000000eab00000, 0x00000000eca80000, 0x0000000100000000)
  eden space 24064K, 0% used [0x00000000eab00000,0x00000000eab00000,0x00000000ec280000)
  from space 3584K, 99% used [0x00000000ec300000,0x00000000ec67f3d8,0x00000000ec680000)
  to   space 4096K, 0% used [0x00000000ec680000,0x00000000ec680000,0x00000000eca80000)
 ParOldGen       total 68608K, used 10988K [0x00000000c0000000, 0x00000000c4300000, 0x00000000eab00000)
  object space 68608K, 16% used [0x00000000c0000000,0x00000000c0abb348,0x00000000c4300000)
 Metaspace       used 30442K, committed 30912K, reserved 1114112K
  class space    used 2942K, committed 3136K, reserved 1048576K
}

Dll operation events (10 events):
Event: 0.078 Loaded shared library c:\Users\trung\.cursor\extensions\redhat.java-1.35.1-win32-x64\jre\17.0.12-win32-x86_64\bin\java.dll
Event: 0.823 Loaded shared library c:\Users\trung\.cursor\extensions\redhat.java-1.35.1-win32-x64\jre\17.0.12-win32-x86_64\bin\zip.dll
Event: 0.843 Loaded shared library C:\Users\trung\.cursor\extensions\redhat.java-1.35.1-win32-x64\jre\17.0.12-win32-x86_64\bin\instrument.dll
Event: 0.860 Loaded shared library C:\Users\trung\.cursor\extensions\redhat.java-1.35.1-win32-x64\jre\17.0.12-win32-x86_64\bin\net.dll
Event: 0.863 Loaded shared library C:\Users\trung\.cursor\extensions\redhat.java-1.35.1-win32-x64\jre\17.0.12-win32-x86_64\bin\nio.dll
Event: 0.873 Loaded shared library C:\Users\trung\.cursor\extensions\redhat.java-1.35.1-win32-x64\jre\17.0.12-win32-x86_64\bin\zip.dll
Event: 0.933 Loaded shared library C:\Users\trung\.cursor\extensions\redhat.java-1.35.1-win32-x64\jre\17.0.12-win32-x86_64\bin\jimage.dll
Event: 1.106 Loaded shared library c:\Users\trung\.cursor\extensions\redhat.java-1.35.1-win32-x64\jre\17.0.12-win32-x86_64\bin\verify.dll
Event: 10.754 Loaded shared library C:\Users\trung\AppData\Roaming\Cursor\User\globalStorage\redhat.java\1.35.1\config_ss_win\org.eclipse.equinox.launcher\org.eclipse.equinox.launcher.win32.win32.x86_64_1.2.1100.v20240722-2106\eclipse_11904.dll
Event: 12.656 Loaded shared library C:\Users\trung\AppData\Local\Temp\jna-110640560\jna9052363412614201223.dll

Deoptimization events (20 events):
Event: 14.826 Thread 0x0000027edd970590 Uncommon trap: trap_request=0xffffffc6 fr.pc=0x0000027ecd343950 relative=0x0000000000000990
Event: 14.826 Thread 0x0000027edd970590 Uncommon trap: reason=bimorphic_or_optimized_type_check action=maybe_recompile pc=0x0000027ecd343950 method=java.util.HashMap.putVal(ILjava/lang/Object;Ljava/lang/Object;ZZ)Ljava/lang/Object; @ 56 c2
Event: 14.826 Thread 0x0000027edd970590 DEOPT PACKING pc=0x0000027ecd343950 sp=0x000000c66c0fdc60
Event: 14.826 Thread 0x0000027edd970590 DEOPT UNPACKING pc=0x0000027eccd666a3 sp=0x000000c66c0fdbb8 mode 2
Event: 14.826 Thread 0x0000027edd970590 Uncommon trap: trap_request=0xffffffc6 fr.pc=0x0000027ecd343950 relative=0x0000000000000990
Event: 14.826 Thread 0x0000027edd970590 Uncommon trap: reason=bimorphic_or_optimized_type_check action=maybe_recompile pc=0x0000027ecd343950 method=java.util.HashMap.putVal(ILjava/lang/Object;Ljava/lang/Object;ZZ)Ljava/lang/Object; @ 56 c2
Event: 14.826 Thread 0x0000027edd970590 DEOPT PACKING pc=0x0000027ecd343950 sp=0x000000c66c0fdc60
Event: 14.826 Thread 0x0000027edd970590 DEOPT UNPACKING pc=0x0000027eccd666a3 sp=0x000000c66c0fdbb8 mode 2
Event: 15.193 Thread 0x0000027edd970590 Uncommon trap: trap_request=0xffffff45 fr.pc=0x0000027ecd3a2b00 relative=0x0000000000000ca0
Event: 15.193 Thread 0x0000027edd970590 Uncommon trap: reason=unstable_if action=reinterpret pc=0x0000027ecd3a2b00 method=jdk.internal.org.objectweb.asm.SymbolTable.put(Ljdk/internal/org/objectweb/asm/SymbolTable$Entry;)Ljdk/internal/org/objectweb/asm/SymbolTable$Entry; @ 13 c2
Event: 15.193 Thread 0x0000027edd970590 DEOPT PACKING pc=0x0000027ecd3a2b00 sp=0x000000c66c0fc090
Event: 15.193 Thread 0x0000027edd970590 DEOPT UNPACKING pc=0x0000027eccd666a3 sp=0x000000c66c0fbfd8 mode 2
Event: 15.209 Thread 0x0000027edd970590 Uncommon trap: trap_request=0xffffff76 fr.pc=0x0000027ecd3fc028 relative=0x0000000000000668
Event: 15.209 Thread 0x0000027edd970590 Uncommon trap: reason=predicate action=maybe_recompile pc=0x0000027ecd3fc028 method=java.util.TreeMap.getEntryUsingComparator(Ljava/lang/Object;)Ljava/util/TreeMap$Entry; @ 19 c2
Event: 15.209 Thread 0x0000027edd970590 DEOPT PACKING pc=0x0000027ecd3fc028 sp=0x000000c66c0fcad0
Event: 15.209 Thread 0x0000027edd970590 DEOPT UNPACKING pc=0x0000027eccd666a3 sp=0x000000c66c0fc9f0 mode 2
Event: 15.261 Thread 0x0000027ec137f110 Uncommon trap: trap_request=0xffffff76 fr.pc=0x0000027ecd3f8284 relative=0x00000000000006c4
Event: 15.261 Thread 0x0000027ec137f110 Uncommon trap: reason=predicate action=maybe_recompile pc=0x0000027ecd3f8284 method=java.util.TreeMap.getEntryUsingComparator(Ljava/lang/Object;)Ljava/util/TreeMap$Entry; @ 19 c2
Event: 15.261 Thread 0x0000027ec137f110 DEOPT PACKING pc=0x0000027ecd3f8284 sp=0x000000c66a9fe2a0
Event: 15.261 Thread 0x0000027ec137f110 DEOPT UNPACKING pc=0x0000027eccd666a3 sp=0x000000c66a9fe250 mode 2

Classes loaded (20 events):
Event: 15.369 Loading class jdk/internal/vm/annotation/IntrinsicCandidate
Event: 15.369 Loading class jdk/internal/vm/annotation/IntrinsicCandidate done
Event: 15.405 Loading class sun/reflect/generics/tree/BottomSignature
Event: 15.405 Loading class sun/reflect/generics/tree/BottomSignature done
Event: 15.405 Loading class sun/reflect/generics/tree/Wildcard
Event: 15.405 Loading class sun/reflect/generics/tree/Wildcard done
Event: 15.406 Loading class sun/reflect/generics/reflectiveObjects/WildcardTypeImpl
Event: 15.406 Loading class java/lang/reflect/WildcardType
Event: 15.406 Loading class java/lang/reflect/WildcardType done
Event: 15.406 Loading class sun/reflect/generics/reflectiveObjects/WildcardTypeImpl done
Event: 15.486 Loading class java/math/BigDecimal
Event: 15.487 Loading class java/math/BigDecimal done
Event: 15.496 Loading class java/text/ParseException
Event: 15.496 Loading class java/text/ParseException done
Event: 15.509 Loading class java/util/concurrent/atomic/AtomicIntegerArray
Event: 15.509 Loading class java/util/concurrent/atomic/AtomicIntegerArray done
Event: 15.511 Loading class java/util/Currency
Event: 15.511 Loading class java/util/Currency done
Event: 15.516 Loading class java/util/concurrent/atomic/AtomicLongArray
Event: 15.516 Loading class java/util/concurrent/atomic/AtomicLongArray done

Classes unloaded (7 events):
Event: 12.414 Thread 0x0000027edc460c20 Unloading class 0x000000010021e400 'java/lang/invoke/LambdaForm$MH+0x000000010021e400'
Event: 12.414 Thread 0x0000027edc460c20 Unloading class 0x000000010021e000 'java/lang/invoke/LambdaForm$MH+0x000000010021e000'
Event: 12.414 Thread 0x0000027edc460c20 Unloading class 0x000000010021dc00 'java/lang/invoke/LambdaForm$MH+0x000000010021dc00'
Event: 12.414 Thread 0x0000027edc460c20 Unloading class 0x000000010021d800 'java/lang/invoke/LambdaForm$MH+0x000000010021d800'
Event: 12.414 Thread 0x0000027edc460c20 Unloading class 0x000000010021d400 'java/lang/invoke/LambdaForm$BMH+0x000000010021d400'
Event: 12.414 Thread 0x0000027edc460c20 Unloading class 0x000000010021d000 'java/lang/invoke/LambdaForm$DMH+0x000000010021d000'
Event: 12.414 Thread 0x0000027edc460c20 Unloading class 0x0000000100218400 'java/lang/invoke/LambdaForm$DMH+0x0000000100218400'

Classes redefined (0 events):
No events

Internal exceptions (20 events):
Event: 12.767 Thread 0x0000027edd61d9a0 Exception <a 'java/lang/NoSuchMethodError'{0x00000000eafd26c0}: 'java.lang.Object java.lang.invoke.DirectMethodHandle$Holder.newInvokeSpecial(java.lang.Object, java.lang.Object, int, java.lang.Object)'> (0x00000000eafd26c0) 
thrown [s\src\hotspot\share\interpreter\linkResolver.cpp, line 759]
Event: 12.767 Thread 0x0000027edd61d9a0 Exception <a 'java/lang/NoSuchMethodError'{0x00000000eafd61d0}: 'java.lang.Object java.lang.invoke.DirectMethodHandle$Holder.invokeSpecial(java.lang.Object, java.lang.Object, java.lang.Object, int, java.lang.Object)'> (0x00000000eafd61d0) 
thrown [s\src\hotspot\share\interpreter\linkResolver.cpp, line 759]
Event: 12.827 Thread 0x0000027edd970590 Exception <a 'java/lang/NoSuchMethodError'{0x00000000eb409900}: 'double java.lang.invoke.DirectMethodHandle$Holder.invokeStatic(java.lang.Object, java.lang.Object)'> (0x00000000eb409900) 
thrown [s\src\hotspot\share\interpreter\linkResolver.cpp, line 759]
Event: 12.828 Thread 0x0000027edd970590 Exception <a 'java/lang/NoSuchMethodError'{0x00000000eb40d218}: 'double java.lang.invoke.DirectMethodHandle$Holder.invokeStaticInit(java.lang.Object, java.lang.Object)'> (0x00000000eb40d218) 
thrown [s\src\hotspot\share\interpreter\linkResolver.cpp, line 759]
Event: 13.305 Thread 0x0000027edd970590 Implicit null exception at 0x0000027ecd3b6949 to 0x0000027ecd3b6a1c
Event: 14.171 Thread 0x0000027edd970590 Exception <a 'java/lang/ClassNotFoundException'{0x00000000ebaeb460}: com/sun/org/apache/xerces/internal/impl/msg/spi/DOMMessagesProvider> (0x00000000ebaeb460) 
thrown [s\src\hotspot\share\classfile\systemDictionary.cpp, line 256]
Event: 14.175 Thread 0x0000027edd970590 Implicit null exception at 0x0000027ecd385e8d to 0x0000027ecd386b84
Event: 14.176 Thread 0x0000027edd970590 Exception <a 'java/lang/ClassNotFoundException'{0x00000000ebb188c8}: com/sun/org/apache/xerces/internal/impl/msg/spi/XMLSerializerMessagesProvider> (0x00000000ebb188c8) 
thrown [s\src\hotspot\share\classfile\systemDictionary.cpp, line 256]
Event: 14.180 Thread 0x0000027edd970590 Exception <a 'java/lang/ClassNotFoundException'{0x00000000ebb25ba0}: com/sun/org/apache/xerces/internal/impl/msg/spi/XMLMessagesProvider> (0x00000000ebb25ba0) 
thrown [s\src\hotspot\share\classfile\systemDictionary.cpp, line 256]
Event: 14.264 Thread 0x0000027edd970590 Exception <a 'java/lang/NoSuchMethodError'{0x00000000ebd18b30}: 'java.lang.Object java.lang.invoke.DirectMethodHandle$Holder.newInvokeSpecial(java.lang.Object, int, java.lang.Object, java.lang.Object)'> (0x00000000ebd18b30) 
thrown [s\src\hotspot\share\interpreter\linkResolver.cpp, line 759]
Event: 14.835 Thread 0x0000027edd970590 Exception <a 'sun/nio/fs/WindowsException'{0x00000000ec0b0440}> (0x00000000ec0b0440) 
thrown [s\src\hotspot\share\prims\jni.cpp, line 516]
Event: 15.027 Thread 0x0000027edd970590 Exception <a 'java/lang/ClassNotFoundException'{0x00000000eae9e2b0}: com/sun/org/apache/xml/internal/serializer/spi/XMLEntitiesProvider> (0x00000000eae9e2b0) 
thrown [s\src\hotspot\share\classfile\systemDictionary.cpp, line 256]
Event: 15.176 Thread 0x0000027edd970590 Exception <a 'java/io/FileNotFoundException'{0x00000000eb21fbc0}> (0x00000000eb21fbc0) 
thrown [s\src\hotspot\share\prims\jni.cpp, line 516]
Event: 15.202 Thread 0x0000027edd970590 Exception <a 'java/lang/UnsatisfiedLinkError'{0x00000000eb324458}: The specified procedure could not be found.
> (0x00000000eb324458) 
thrown [s\src\hotspot\share\prims\jni.cpp, line 535]
Event: 15.207 Thread 0x0000027edd970590 Exception <a 'java/io/FileNotFoundException'{0x00000000eb33b9d0}> (0x00000000eb33b9d0) 
thrown [s\src\hotspot\share\prims\jni.cpp, line 516]
Event: 15.236 Thread 0x0000027edd970590 Exception <a 'java/lang/UnsatisfiedLinkError'{0x00000000eb3fa608}: The specified procedure could not be found.
> (0x00000000eb3fa608) 
thrown [s\src\hotspot\share\prims\jni.cpp, line 535]
Event: 15.287 Thread 0x0000027ec137f110 Exception <a 'java/lang/NoSuchMethodError'{0x00000000eb5e0b98}: 'java.lang.Object java.lang.invoke.DirectMethodHandle$Holder.invokeStatic(java.lang.Object, java.lang.Object, long, java.lang.Object)'> (0x00000000eb5e0b98) 
thrown [s\src\hotspot\share\interpreter\linkResolver.cpp, line 759]
Event: 15.288 Thread 0x0000027ec137f110 Exception <a 'java/lang/NoSuchMethodError'{0x00000000eb5e4a10}: 'java.lang.Object java.lang.invoke.DirectMethodHandle$Holder.invokeStaticInit(java.lang.Object, java.lang.Object, long, java.lang.Object)'> (0x00000000eb5e4a10) 
thrown [s\src\hotspot\share\interpreter\linkResolver.cpp, line 759]
Event: 15.289 Thread 0x0000027ec137f110 Exception <a 'java/lang/NoSuchMethodError'{0x00000000eb5eb020}: 'java.lang.Object java.lang.invoke.DirectMethodHandle$Holder.newInvokeSpecial(java.lang.Object, java.lang.Object, long)'> (0x00000000eb5eb020) 
thrown [s\src\hotspot\share\interpreter\linkResolver.cpp, line 759]
Event: 15.366 Thread 0x0000027ec137f110 Exception <a 'java/lang/NoSuchMethodError'{0x00000000eb8f5b78}: 'void java.lang.invoke.DirectMethodHandle$Holder.invokeStatic(java.lang.Object, java.lang.Object, java.lang.Object, java.lang.Object)'> (0x00000000eb8f5b78) 
thrown [s\src\hotspot\share\interpreter\linkResolver.cpp, line 759]

VM Operations (20 events):
Event: 14.070 Executing VM operation: HandshakeAllThreads
Event: 14.070 Executing VM operation: HandshakeAllThreads done
Event: 14.288 Executing VM operation: HandshakeAllThreads
Event: 14.705 Executing VM operation: HandshakeAllThreads done
Event: 14.705 Executing VM operation: Cleanup
Event: 14.743 Executing VM operation: Cleanup done
Event: 14.818 Executing VM operation: HandshakeAllThreads
Event: 14.818 Executing VM operation: HandshakeAllThreads done
Event: 14.822 Executing VM operation: HandshakeAllThreads
Event: 14.822 Executing VM operation: HandshakeAllThreads done
Event: 14.826 Executing VM operation: HandshakeAllThreads
Event: 14.826 Executing VM operation: HandshakeAllThreads done
Event: 14.907 Executing VM operation: ParallelGCFailedAllocation
Event: 14.911 Executing VM operation: ParallelGCFailedAllocation done
Event: 14.911 Executing VM operation: HandshakeAllThreads
Event: 14.911 Executing VM operation: HandshakeAllThreads done
Event: 14.912 Executing VM operation: HandshakeAllThreads
Event: 14.912 Executing VM operation: HandshakeAllThreads done
Event: 15.068 Executing VM operation: HandshakeAllThreads
Event: 15.068 Executing VM operation: HandshakeAllThreads done

Events (20 events):
Event: 12.167 Thread 0x0000027edc805820 Thread added: 0x0000027edc805820
Event: 12.621 Thread 0x0000027edc805820 Thread exited: 0x0000027edc805820
Event: 12.686 Thread 0x0000027edd61f2f0 Thread added: 0x0000027edd61f2f0
Event: 12.726 Thread 0x0000027edd61d9a0 Thread added: 0x0000027edd61d9a0
Event: 12.767 Thread 0x0000027edd61d490 Thread added: 0x0000027edd61d490
Event: 13.015 Thread 0x0000027eddecd930 Thread added: 0x0000027eddecd930
Event: 14.204 Thread 0x0000027edd61ca70 Thread added: 0x0000027edd61ca70
Event: 14.747 Thread 0x0000027eddecd930 Thread exited: 0x0000027eddecd930
Event: 14.883 Thread 0x0000027edd61ca70 Thread exited: 0x0000027edd61ca70
Event: 15.045 Thread 0x0000027ede81a960 Thread added: 0x0000027ede81a960
Event: 15.298 Thread 0x0000027edd61e3c0 Thread added: 0x0000027edd61e3c0
Event: 15.299 Thread 0x0000027edd61c560 Thread added: 0x0000027edd61c560
Event: 15.299 Thread 0x0000027edd61e8d0 Thread added: 0x0000027edd61e8d0
Event: 15.299 Thread 0x0000027edd61ca70 Thread added: 0x0000027edd61ca70
Event: 15.299 Thread 0x0000027edd61cf80 Thread added: 0x0000027edd61cf80
Event: 15.299 Thread 0x0000027edd61deb0 Thread added: 0x0000027edd61deb0
Event: 15.300 Thread 0x0000027edd61f800 Thread added: 0x0000027edd61f800
Event: 15.300 Thread 0x0000027ede04cc60 Thread added: 0x0000027ede04cc60
Event: 15.300 Thread 0x0000027ede0499c0 Thread added: 0x0000027ede0499c0
Event: 15.332 Thread 0x0000027ede04eac0 Thread added: 0x0000027ede04eac0


Dynamic libraries:
0x00007ff758c10000 - 0x00007ff758c1e000 	c:\Users\trung\.cursor\extensions\redhat.java-1.35.1-win32-x64\jre\17.0.12-win32-x86_64\bin\java.exe
0x00007ffe9c950000 - 0x00007ffe9cb67000 	C:\WINDOWS\SYSTEM32\ntdll.dll
0x00007ffe9ade0000 - 0x00007ffe9aea4000 	C:\WINDOWS\System32\KERNEL32.DLL
0x00007ffe99d00000 - 0x00007ffe9a0b7000 	C:\WINDOWS\System32\KERNELBASE.dll
0x00007ffe9a3f0000 - 0x00007ffe9a501000 	C:\WINDOWS\System32\ucrtbase.dll
0x00007ffe87aa0000 - 0x00007ffe87ab7000 	c:\Users\trung\.cursor\extensions\redhat.java-1.35.1-win32-x64\jre\17.0.12-win32-x86_64\bin\jli.dll
0x00007ffe9b960000 - 0x00007ffe9bb0f000 	C:\WINDOWS\System32\USER32.dll
0x00007ffe83c10000 - 0x00007ffe83c2b000 	c:\Users\trung\.cursor\extensions\redhat.java-1.35.1-win32-x64\jre\17.0.12-win32-x86_64\bin\VCRUNTIME140.dll
0x00007ffe9a1b0000 - 0x00007ffe9a1d6000 	C:\WINDOWS\System32\win32u.dll
0x00007ffe9adb0000 - 0x00007ffe9add9000 	C:\WINDOWS\System32\GDI32.dll
0x00007ffe83800000 - 0x00007ffe83a93000 	C:\WINDOWS\WinSxS\amd64_microsoft.windows.common-controls_6595b64144ccf1df_6.0.22621.3672_none_2713b9d173822955\COMCTL32.dll
0x00007ffe9a1e0000 - 0x00007ffe9a2f8000 	C:\WINDOWS\System32\gdi32full.dll
0x00007ffe9b400000 - 0x00007ffe9b4a7000 	C:\WINDOWS\System32\msvcrt.dll
0x00007ffe99c60000 - 0x00007ffe99cfa000 	C:\WINDOWS\System32\msvcp_win.dll
0x00007ffe9bf40000 - 0x00007ffe9bf71000 	C:\WINDOWS\System32\IMM32.DLL
0x00007ffe89870000 - 0x00007ffe8987c000 	c:\Users\trung\.cursor\extensions\redhat.java-1.35.1-win32-x64\jre\17.0.12-win32-x86_64\bin\vcruntime140_1.dll
0x00007ffe5ba00000 - 0x00007ffe5ba8d000 	c:\Users\trung\.cursor\extensions\redhat.java-1.35.1-win32-x64\jre\17.0.12-win32-x86_64\bin\msvcp140.dll
0x00007ffdd9a90000 - 0x00007ffdda6fa000 	c:\Users\trung\.cursor\extensions\redhat.java-1.35.1-win32-x64\jre\17.0.12-win32-x86_64\bin\server\jvm.dll
0x00007ffe9a680000 - 0x00007ffe9a732000 	C:\WINDOWS\System32\ADVAPI32.dll
0x00007ffe9c860000 - 0x00007ffe9c908000 	C:\WINDOWS\System32\sechost.dll
0x00007ffe9a180000 - 0x00007ffe9a1a8000 	C:\WINDOWS\System32\bcrypt.dll
0x00007ffe9aa60000 - 0x00007ffe9ab74000 	C:\WINDOWS\System32\RPCRT4.dll
0x00007ffe9ad30000 - 0x00007ffe9ada1000 	C:\WINDOWS\System32\WS2_32.dll
0x00007ffe98b10000 - 0x00007ffe98b5d000 	C:\WINDOWS\SYSTEM32\POWRPROF.dll
0x00007ffe94540000 - 0x00007ffe94574000 	C:\WINDOWS\SYSTEM32\WINMM.dll
0x00007ffe94770000 - 0x00007ffe9477a000 	C:\WINDOWS\SYSTEM32\VERSION.dll
0x00007ffe98af0000 - 0x00007ffe98b03000 	C:\WINDOWS\SYSTEM32\UMPDC.dll
0x00007ffe98da0000 - 0x00007ffe98db8000 	C:\WINDOWS\SYSTEM32\kernel.appcore.dll
0x00007ffe89630000 - 0x00007ffe8963a000 	c:\Users\trung\.cursor\extensions\redhat.java-1.35.1-win32-x64\jre\17.0.12-win32-x86_64\bin\jimage.dll
0x00007ffe97070000 - 0x00007ffe972a2000 	C:\WINDOWS\SYSTEM32\DBGHELP.DLL
0x00007ffe9bbb0000 - 0x00007ffe9bf3e000 	C:\WINDOWS\System32\combase.dll
0x00007ffe9a7c0000 - 0x00007ffe9a897000 	C:\WINDOWS\System32\OLEAUT32.dll
0x00007ffe8a260000 - 0x00007ffe8a292000 	C:\WINDOWS\SYSTEM32\dbgcore.DLL
0x00007ffe9a300000 - 0x00007ffe9a37b000 	C:\WINDOWS\System32\bcryptPrimitives.dll
0x00007ffe880c0000 - 0x00007ffe880ce000 	c:\Users\trung\.cursor\extensions\redhat.java-1.35.1-win32-x64\jre\17.0.12-win32-x86_64\bin\instrument.dll
0x00007ffe70650000 - 0x00007ffe70675000 	c:\Users\trung\.cursor\extensions\redhat.java-1.35.1-win32-x64\jre\17.0.12-win32-x86_64\bin\java.dll
0x00007ffe731d0000 - 0x00007ffe731e8000 	c:\Users\trung\.cursor\extensions\redhat.java-1.35.1-win32-x64\jre\17.0.12-win32-x86_64\bin\zip.dll
0x00007ffe9bff0000 - 0x00007ffe9c859000 	C:\WINDOWS\System32\SHELL32.dll
0x00007ffe97be0000 - 0x00007ffe984df000 	C:\WINDOWS\SYSTEM32\windows.storage.dll
0x00007ffe97aa0000 - 0x00007ffe97bdf000 	C:\WINDOWS\SYSTEM32\wintypes.dll
0x00007ffe9ab80000 - 0x00007ffe9ac79000 	C:\WINDOWS\System32\SHCORE.dll
0x00007ffe9bf80000 - 0x00007ffe9bfde000 	C:\WINDOWS\System32\shlwapi.dll
0x00007ffe99b90000 - 0x00007ffe99bb7000 	C:\WINDOWS\SYSTEM32\profapi.dll
0x00007ffe7df00000 - 0x00007ffe7df19000 	C:\Users\trung\.cursor\extensions\redhat.java-1.35.1-win32-x64\jre\17.0.12-win32-x86_64\bin\net.dll
0x00007ffe93f90000 - 0x00007ffe940c6000 	C:\WINDOWS\SYSTEM32\WINHTTP.dll
0x00007ffe99210000 - 0x00007ffe99279000 	C:\WINDOWS\system32\mswsock.dll
0x00007ffe72fe0000 - 0x00007ffe72ff6000 	C:\Users\trung\.cursor\extensions\redhat.java-1.35.1-win32-x64\jre\17.0.12-win32-x86_64\bin\nio.dll
0x00007ffe88000000 - 0x00007ffe88010000 	c:\Users\trung\.cursor\extensions\redhat.java-1.35.1-win32-x64\jre\17.0.12-win32-x86_64\bin\verify.dll
0x00007ffe6ebf0000 - 0x00007ffe6ec35000 	C:\Users\trung\AppData\Roaming\Cursor\User\globalStorage\redhat.java\1.35.1\config_ss_win\org.eclipse.equinox.launcher\org.eclipse.equinox.launcher.win32.win32.x86_64_1.2.1100.v20240722-2106\eclipse_11904.dll
0x00007ffe9af00000 - 0x00007ffe9b0a5000 	C:\WINDOWS\System32\ole32.dll
0x00007ffe99460000 - 0x00007ffe9947b000 	C:\WINDOWS\SYSTEM32\CRYPTSP.dll
0x00007ffe98d00000 - 0x00007ffe98d35000 	C:\WINDOWS\system32\rsaenh.dll
0x00007ffe99300000 - 0x00007ffe99328000 	C:\WINDOWS\SYSTEM32\USERENV.dll
0x00007ffe99480000 - 0x00007ffe9948c000 	C:\WINDOWS\SYSTEM32\CRYPTBASE.dll
0x00007ffe987b0000 - 0x00007ffe987dd000 	C:\WINDOWS\SYSTEM32\IPHLPAPI.DLL
0x00007ffe9b210000 - 0x00007ffe9b219000 	C:\WINDOWS\System32\NSI.dll
0x00007ffe938d0000 - 0x00007ffe938e9000 	C:\WINDOWS\SYSTEM32\dhcpcsvc6.DLL
0x00007ffe933d0000 - 0x00007ffe933ef000 	C:\WINDOWS\SYSTEM32\dhcpcsvc.DLL
0x00007ffe98820000 - 0x00007ffe98922000 	C:\WINDOWS\SYSTEM32\DNSAPI.dll
0x00007ffe5b9b0000 - 0x00007ffe5b9f9000 	C:\Users\trung\AppData\Local\Temp\jna-110640560\jna9052363412614201223.dll
0x00007ffe9bfe0000 - 0x00007ffe9bfe8000 	C:\WINDOWS\System32\PSAPI.DLL

dbghelp: loaded successfully - version: 4.0.5 - missing functions: none
symbol engine: initialized successfully - sym options: 0x614 - pdb path: .;c:\Users\trung\.cursor\extensions\redhat.java-1.35.1-win32-x64\jre\17.0.12-win32-x86_64\bin;C:\WINDOWS\SYSTEM32;C:\WINDOWS\WinSxS\amd64_microsoft.windows.common-controls_6595b64144ccf1df_6.0.22621.3672_none_2713b9d173822955;c:\Users\trung\.cursor\extensions\redhat.java-1.35.1-win32-x64\jre\17.0.12-win32-x86_64\bin\server;C:\Users\trung\AppData\Roaming\Cursor\User\globalStorage\redhat.java\1.35.1\config_ss_win\org.eclipse.equinox.launcher\org.eclipse.equinox.launcher.win32.win32.x86_64_1.2.1100.v20240722-2106;C:\Users\trung\AppData\Local\Temp\jna-110640560

VM Arguments:
jvm_args: --add-modules=ALL-SYSTEM --add-opens=java.base/java.util=ALL-UNNAMED --add-opens=java.base/java.lang=ALL-UNNAMED --add-opens=java.base/sun.nio.fs=ALL-UNNAMED -Declipse.application=org.eclipse.jdt.ls.core.id1 -Dosgi.bundles.defaultStartLevel=4 -Declipse.product=org.eclipse.jdt.ls.core.product -Djava.import.generatesMetadataFilesAtProjectRoot=false -DDetectVMInstallationsJob.disabled=true -Dfile.encoding=utf8 -XX:+UseParallelGC -XX:GCTimeRatio=4 -XX:AdaptiveSizePolicyWeight=90 -Dsun.zip.disableMemoryMapping=true -Xmx1G -Xms100m -Xlog:disable -javaagent:c:\Users\trung\.cursor\extensions\redhat.java-1.35.1-win32-x64\lombok\lombok-1.18.33.jar 
java_command: c:\Users\trung\.cursor\extensions\redhat.java-1.35.1-win32-x64\server\plugins\org.eclipse.equinox.launcher_1.6.900.v20240613-2009.jar -configuration c:\Users\trung\AppData\Roaming\Cursor\User\globalStorage\redhat.java\1.35.1\config_ss_win -data c:\Users\trung\AppData\Roaming\Cursor\User\workspaceStorage\8fb023ffee51e0e218496ecb37e7eaeb\redhat.java\ss_ws --pipe=\\.\pipe\lsp-d6404eab89f828f7ba766e96720af9f3-sock
java_class_path (initial): c:\Users\trung\.cursor\extensions\redhat.java-1.35.1-win32-x64\server\plugins\org.eclipse.equinox.launcher_1.6.900.v20240613-2009.jar
Launcher Type: SUN_STANDARD

[Global flags]
    uintx AdaptiveSizePolicyWeight                 = 90                                        {product} {command line}
     intx CICompilerCount                          = 4                                         {product} {ergonomic}
    uintx GCTimeRatio                              = 4                                         {product} {command line}
   size_t InitialHeapSize                          = 104857600                                 {product} {command line}
   size_t MaxHeapSize                              = 1073741824                                {product} {command line}
   size_t MaxNewSize                               = 357564416                                 {product} {ergonomic}
   size_t MinHeapDeltaBytes                        = 524288                                    {product} {ergonomic}
   size_t MinHeapSize                              = 104857600                                 {product} {command line}
   size_t NewSize                                  = 34603008                                  {product} {ergonomic}
    uintx NonNMethodCodeHeapSize                   = 5839372                                {pd product} {ergonomic}
    uintx NonProfiledCodeHeapSize                  = 122909434                              {pd product} {ergonomic}
   size_t OldSize                                  = 70254592                                  {product} {ergonomic}
    uintx ProfiledCodeHeapSize                     = 122909434                              {pd product} {ergonomic}
    uintx ReservedCodeCacheSize                    = 251658240                              {pd product} {ergonomic}
     bool SegmentedCodeCache                       = true                                      {product} {ergonomic}
   size_t SoftMaxHeapSize                          = 1073741824                             {manageable} {ergonomic}
     bool UseCompressedClassPointers               = true                           {product lp64_product} {ergonomic}
     bool UseCompressedOops                        = true                           {product lp64_product} {ergonomic}
     bool UseLargePagesIndividualAllocation        = false                                  {pd product} {ergonomic}
     bool UseParallelGC                            = true                                      {product} {command line}

Logging:
Log output configuration:
 #0: stdout all=off uptime,level,tags
 #1: stderr all=off uptime,level,tags

Environment Variables:
PATH=C:\Program Files\Microsoft MPI\Bin\;C:\Program Files\Common Files\Oracle\Java\javapath;C:\Program Files (x86)\Common Files\Oracle\Java\javapath;C:\WINDOWS\system32;C:\WINDOWS;C:\WINDOWS\System32\Wbem;C:\WINDOWS\System32\WindowsPowerShell\v1.0\;C:\WINDOWS\System32\OpenSSH\;C:\Program Files\GitHub CLI\;C:\Program Files\Vagrant\bin;C:\Program Files\nodejs\;C:\ProgramData\chocolatey\bin;F:\nginx-1.25.3\nginx-1.25.3;C:\Program Files (x86)\Vault;C:\ngrock;C:\luarocks;C:\Program Files\dotnet\;C:\Program Files\Git\cmd;C:\Program Files\Docker\Docker\resources\bin;C:\Program Files\Arduino CLI\;C:\Program Files\PuTTY\;C:\Program Files (x86)\Microsoft SQL Server\160\Tools\Binn\;C:\Program Files\Microsoft SQL Server\160\Tools\Binn\;C:\Program Files\Microsoft SQL Server\Client SDK\ODBC\170\Tools\Binn\;C:\Program Files\Microsoft SQL Server\160\DTS\Binn\;C:\Program Files (x86)\Microsoft SQL Server\160\DTS\Binn\;C:\flutter\bin;C:\Users\trung\AppData\Local\Microsoft\WindowsApps;C:\Users\trung\AppData\Roaming\npm;C:\Users\trung\AppData\Local\Programs\Microsoft VS Code Insiders\bin;C:\Users\trung\AppData\Local\GitHubDesktop\bin;%GoLand%;C:\Program Files\JetBrains\IntelliJ IDEA 2024.2.3\bin;;
USERNAME=trung
OS=Windows_NT
PROCESSOR_IDENTIFIER=Intel64 Family 6 Model 142 Stepping 10, GenuineIntel
TMP=C:\Users\trung\AppData\Local\Temp
TEMP=C:\Users\trung\AppData\Local\Temp



Periodic native trim disabled


---------------  S Y S T E M  ---------------

OS:
 Windows 11 , 64 bit Build 22621 (10.0.22621.3958)
OS uptime: 2 days 3:35 hours

CPU: total 8 (initial active 8) (4 cores per cpu, 2 threads per core) family 6 model 142 stepping 10 microcode 0xec, cx8, cmov, fxsr, ht, mmx, 3dnowpref, sse, sse2, sse3, ssse3, sse4.1, sse4.2, popcnt, lzcnt, tsc, tscinvbit, avx, avx2, aes, erms, clmul, bmi1, bmi2, adx, fma, vzeroupper, clflush, clflushopt
Processor Information for all 8 processors :
  Max Mhz: 1992, Current Mhz: 1792, Mhz Limit: 1792

Memory: 4k page, system-wide physical 16248M (465M free)
TotalPageFile size 34286M (AvailPageFile size 4M)
current process WorkingSet (physical memory assigned to process): 152M, peak: 152M
current process commit charge ("private bytes"): 253M, peak: 254M

vm_info: OpenJDK 64-Bit Server VM (17.0.12+7) for windows-amd64 JRE (17.0.12+7), built on Jul 16 2024 22:08:24 by "admin" with MS VC++ 16.10 / 16.11 (VS2019)

END.
